This is pdfTeX, Version 3.14159265-2.6-1.40.21 (TeX Live 2020) (preloaded format=pdflatex 2020.9.15)  18 FEB 2021 18:31
entering extended mode
 restricted \write18 enabled.
 %&-line parsing enabled.
**\nonstopmode \input ./Rd2.tex
(./Rd2.tex
(/home/poss/.TinyTeX/texmf-dist/tex/latex/base/book.cls
Document Class: book 2019/12/20 v1.4l Standard LaTeX document class
(/home/poss/.TinyTeX/texmf-dist/tex/latex/base/bk10.clo
File: bk10.clo 2019/12/20 v1.4l Standard LaTeX file (size option)
)
\c@part=\count168
\c@chapter=\count169
\c@section=\count170
\c@subsection=\count171
\c@subsubsection=\count172
\c@paragraph=\count173
\c@subparagraph=\count174
\c@figure=\count175
\c@table=\count176
\abovecaptionskip=\skip47
\belowcaptionskip=\skip48
\bibindent=\dimen134
)
(/usr/share/R/share/texmf/tex/latex/Rd.sty
Package: Rd 

(/home/poss/.TinyTeX/texmf-dist/tex/latex/base/ifthen.sty
Package: ifthen 2014/09/29 v1.1c Standard LaTeX ifthen package (DPC)
)
(/home/poss/.TinyTeX/texmf-dist/tex/latex/tools/longtable.sty
Package: longtable 2020/01/07 v4.13 Multi-page Table package (DPC)
\LTleft=\skip49
\LTright=\skip50
\LTpre=\skip51
\LTpost=\skip52
\LTchunksize=\count177
\LTcapwidth=\dimen135
\LT@head=\box45
\LT@firsthead=\box46
\LT@foot=\box47
\LT@lastfoot=\box48
\LT@cols=\count178
\LT@rows=\count179
\c@LT@tables=\count180
\c@LT@chunks=\count181
\LT@p@ftn=\toks15
)
(/home/poss/.TinyTeX/texmf-dist/tex/latex/tools/bm.sty
Package: bm 2019/07/24 v1.2d Bold Symbol Support (DPC/FMi)
\symboldoperators=\mathgroup4
\symboldletters=\mathgroup5
\symboldsymbols=\mathgroup6
LaTeX Font Info:    Redeclaring math alphabet \mathbf on input line 141.
LaTeX Info: Redefining \bm on input line 209.
)
(/home/poss/.TinyTeX/texmf-dist/tex/latex/base/alltt.sty
Package: alltt 1997/06/16 v2.0g defines alltt environment
)
(/home/poss/.TinyTeX/texmf-dist/tex/latex/tools/verbatim.sty
Package: verbatim 2019/11/10 v1.5r LaTeX2e package for verbatim enhancements
\every@verbatim=\toks16
\verbatim@line=\toks17
\verbatim@in@stream=\read2
)
(/home/poss/.TinyTeX/texmf-dist/tex/latex/url/url.sty
\Urlmuskip=\muskip16
Package: url 2013/09/16  ver 3.4  Verb mode for urls, etc.
)
(/home/poss/.TinyTeX/texmf-dist/tex/latex/base/textcomp.sty
Package: textcomp 2020/02/02 v2.0n Standard LaTeX package
)
\ldescriptionwidth=\skip53

(/home/poss/.TinyTeX/texmf-dist/tex/latex/inconsolata/zi4.sty
Package: zi4 2019/05/17 v1.12

`inconsolata-zi4' v1.12, 2019/05/17 Text macros for Inconsolata (msharpe)
(/home/poss/.TinyTeX/texmf-dist/tex/latex/xkeyval/xkeyval.sty
Package: xkeyval 2014/12/03 v2.7a package option processing (HA)

(/home/poss/.TinyTeX/texmf-dist/tex/generic/xkeyval/xkeyval.tex
(/home/poss/.TinyTeX/texmf-dist/tex/generic/xkeyval/xkvutils.tex
\XKV@toks=\toks18
\XKV@tempa@toks=\toks19

(/home/poss/.TinyTeX/texmf-dist/tex/generic/xkeyval/keyval.tex))
\XKV@depth=\count182
File: xkeyval.tex 2014/12/03 v2.7a key=value parser (HA)
))
\zifour@ocount=\count183
)
(/home/poss/.TinyTeX/texmf-dist/tex/latex/graphics/color.sty
Package: color 2019/11/23 v1.2a Standard LaTeX Color (DPC)

(/home/poss/.TinyTeX/texmf-dist/tex/latex/graphics-cfg/color.cfg
File: color.cfg 2016/01/02 v1.6 sample color configuration
)
Package color Info: Driver file: pdftex.def on input line 147.

(/home/poss/.TinyTeX/texmf-dist/tex/latex/graphics-def/pdftex.def
File: pdftex.def 2020/08/26 v1.2 Graphics/color driver for pdftex
))
(/home/poss/.TinyTeX/texmf-dist/tex/latex/hyperref/hyperref.sty
Package: hyperref 2020-05-15 v7.00e Hypertext links for LaTeX

(/home/poss/.TinyTeX/texmf-dist/tex/generic/ltxcmds/ltxcmds.sty
Package: ltxcmds 2019/12/15 v1.24 LaTeX kernel commands for general use (HO)
)
(/home/poss/.TinyTeX/texmf-dist/tex/generic/iftex/iftex.sty
Package: iftex 2020/03/06 v1.0d TeX engine tests
)
(/home/poss/.TinyTeX/texmf-dist/tex/generic/pdftexcmds/pdftexcmds.sty
Package: pdftexcmds 2020-06-27 v0.33 Utility functions of pdfTeX for LuaTeX (HO
)

(/home/poss/.TinyTeX/texmf-dist/tex/generic/infwarerr/infwarerr.sty
Package: infwarerr 2019/12/03 v1.5 Providing info/warning/error messages (HO)
)
Package pdftexcmds Info: \pdf@primitive is available.
Package pdftexcmds Info: \pdf@ifprimitive is available.
Package pdftexcmds Info: \pdfdraftmode found.
)
(/home/poss/.TinyTeX/texmf-dist/tex/generic/kvsetkeys/kvsetkeys.sty
Package: kvsetkeys 2019/12/15 v1.18 Key value parser (HO)
)
(/home/poss/.TinyTeX/texmf-dist/tex/generic/kvdefinekeys/kvdefinekeys.sty
Package: kvdefinekeys 2019-12-19 v1.6 Define keys (HO)
)
(/home/poss/.TinyTeX/texmf-dist/tex/generic/pdfescape/pdfescape.sty
Package: pdfescape 2019/12/09 v1.15 Implements pdfTeX's escape features (HO)
)
(/home/poss/.TinyTeX/texmf-dist/tex/latex/hycolor/hycolor.sty
Package: hycolor 2020-01-27 v1.10 Color options for hyperref/bookmark (HO)
)
(/home/poss/.TinyTeX/texmf-dist/tex/latex/letltxmacro/letltxmacro.sty
Package: letltxmacro 2019/12/03 v1.6 Let assignment for LaTeX macros (HO)
)
(/home/poss/.TinyTeX/texmf-dist/tex/latex/auxhook/auxhook.sty
Package: auxhook 2019-12-17 v1.6 Hooks for auxiliary files (HO)
)
(/home/poss/.TinyTeX/texmf-dist/tex/latex/kvoptions/kvoptions.sty
Package: kvoptions 2019/11/29 v3.13 Key value format for package options (HO)
)
\@linkdim=\dimen136
\Hy@linkcounter=\count184
\Hy@pagecounter=\count185

(/home/poss/.TinyTeX/texmf-dist/tex/latex/hyperref/pd1enc.def
File: pd1enc.def 2020-05-15 v7.00e Hyperref: PDFDocEncoding definition (HO)
Now handling font encoding PD1 ...
... no UTF-8 mapping file for font encoding PD1
)
(/home/poss/.TinyTeX/texmf-dist/tex/generic/intcalc/intcalc.sty
Package: intcalc 2019/12/15 v1.3 Expandable calculations with integers (HO)
)
(/home/poss/.TinyTeX/texmf-dist/tex/generic/etexcmds/etexcmds.sty
Package: etexcmds 2019/12/15 v1.7 Avoid name clashes with e-TeX commands (HO)
)
\Hy@SavedSpaceFactor=\count186
Package hyperref Info: Hyper figures OFF on input line 4464.
Package hyperref Info: Link nesting OFF on input line 4469.
Package hyperref Info: Hyper index ON on input line 4472.
Package hyperref Info: Plain pages OFF on input line 4479.
Package hyperref Info: Backreferencing OFF on input line 4484.
Package hyperref Info: Implicit mode ON; LaTeX internals redefined.
Package hyperref Info: Bookmarks ON on input line 4717.
\c@Hy@tempcnt=\count187
LaTeX Info: Redefining \url on input line 5076.
\XeTeXLinkMargin=\dimen137

(/home/poss/.TinyTeX/texmf-dist/tex/generic/bitset/bitset.sty
Package: bitset 2019/12/09 v1.3 Handle bit-vector datatype (HO)

(/home/poss/.TinyTeX/texmf-dist/tex/generic/bigintcalc/bigintcalc.sty
Package: bigintcalc 2019/12/15 v1.5 Expandable calculations on big integers (HO
)
))
\Fld@menulength=\count188
\Field@Width=\dimen138
\Fld@charsize=\dimen139
Package hyperref Info: Hyper figures OFF on input line 6347.
Package hyperref Info: Link nesting OFF on input line 6352.
Package hyperref Info: Hyper index ON on input line 6355.
Package hyperref Info: backreferencing OFF on input line 6362.
Package hyperref Info: Link coloring OFF on input line 6367.
Package hyperref Info: Link coloring with OCG OFF on input line 6372.
Package hyperref Info: PDF/A mode OFF on input line 6377.
LaTeX Info: Redefining \ref on input line 6417.
LaTeX Info: Redefining \pageref on input line 6421.

(/home/poss/.TinyTeX/texmf-dist/tex/generic/atbegshi/atbegshi.sty
Package: atbegshi 2019/12/05 v1.19 At begin shipout hook (HO)
)
\Hy@abspage=\count189
\c@Item=\count190
\c@Hfootnote=\count191
)
Package hyperref Info: Driver (autodetected): hpdftex.

(/home/poss/.TinyTeX/texmf-dist/tex/latex/hyperref/hpdftex.def
File: hpdftex.def 2020-05-15 v7.00e Hyperref driver for pdfTeX

(/home/poss/.TinyTeX/texmf-dist/tex/latex/atveryend/atveryend.sty
Package: atveryend 2019-12-11 v1.11 Hooks at the very end of document (HO)
Package atveryend Info: \enddocument detected (standard20110627).
)
\Fld@listcount=\count192
\c@bookmark@seq@number=\count193

(/home/poss/.TinyTeX/texmf-dist/tex/latex/rerunfilecheck/rerunfilecheck.sty
Package: rerunfilecheck 2019/12/05 v1.9 Rerun checks for auxiliary files (HO)

(/home/poss/.TinyTeX/texmf-dist/tex/generic/uniquecounter/uniquecounter.sty
Package: uniquecounter 2019/12/15 v1.4 Provide unlimited unique counter (HO)
)
Package uniquecounter Info: New unique counter `rerunfilecheck' on input line 2
86.
)
\Hy@SectionHShift=\skip54
)

Package hyperref Warning: Option `hyperindex' has already been used,
(hyperref)                setting the option has no effect on input line 377.

Package hyperref Info: Option `colorlinks' set `true' on input line 377.

Package hyperref Warning: Option `pagebackref' has already been used,
(hyperref)                setting the option has no effect on input line 377.

Package hyperref Info: Option `linktocpage' set `true' on input line 377.
Package hyperref Info: Option `plainpages' set `false' on input line 377.
) (/home/poss/.TinyTeX/texmf-dist/tex/latex/base/makeidx.sty
Package: makeidx 2014/09/29 v1.0m Standard LaTeX package
)
(/home/poss/.TinyTeX/texmf-dist/tex/latex/base/inputenc.sty
Package: inputenc 2018/08/11 v1.3c Input encoding file
\inpenc@prehook=\toks20
\inpenc@posthook=\toks21
)
(/home/poss/.TinyTeX/texmf-dist/tex/latex/graphics/graphicx.sty
Package: graphicx 2019/11/30 v1.2a Enhanced LaTeX Graphics (DPC,SPQR)

(/home/poss/.TinyTeX/texmf-dist/tex/latex/graphics/graphics.sty
Package: graphics 2019/11/30 v1.4a Standard LaTeX Graphics (DPC,SPQR)

(/home/poss/.TinyTeX/texmf-dist/tex/latex/graphics/trig.sty
Package: trig 2016/01/03 v1.10 sin cos tan (DPC)
)
(/home/poss/.TinyTeX/texmf-dist/tex/latex/graphics-cfg/graphics.cfg
File: graphics.cfg 2016/06/04 v1.11 sample graphics configuration
)
Package graphics Info: Driver file: pdftex.def on input line 105.
)
\Gin@req@height=\dimen140
\Gin@req@width=\dimen141
)
\@indexfile=\write3
\openout3 = `Rd2.idx'.


Writing index file Rd2.idx
(/home/poss/.TinyTeX/texmf-dist/tex/latex/l3backend/l3backend-pdftex.def
File: l3backend-pdftex.def 2020-09-11 L3 backend support: PDF output (pdfTeX)
\l__kernel_color_stack_int=\count194
\l__pdf_internal_box=\box49
)
(/tmp/RtmpEJ2T99/Rd2pdf209819bcd29c/Rd2.aux)
\openout1 = `Rd2.aux'.

LaTeX Font Info:    Checking defaults for OML/cmm/m/it on input line 8.
LaTeX Font Info:    ... okay on input line 8.
LaTeX Font Info:    Checking defaults for OMS/cmsy/m/n on input line 8.
LaTeX Font Info:    ... okay on input line 8.
LaTeX Font Info:    Checking defaults for OT1/cmr/m/n on input line 8.
LaTeX Font Info:    ... okay on input line 8.
LaTeX Font Info:    Checking defaults for T1/cmr/m/n on input line 8.
LaTeX Font Info:    ... okay on input line 8.
LaTeX Font Info:    Checking defaults for TS1/cmr/m/n on input line 8.
LaTeX Font Info:    ... okay on input line 8.
LaTeX Font Info:    Checking defaults for OMX/cmex/m/n on input line 8.
LaTeX Font Info:    ... okay on input line 8.
LaTeX Font Info:    Checking defaults for U/cmr/m/n on input line 8.
LaTeX Font Info:    ... okay on input line 8.
LaTeX Font Info:    Checking defaults for PD1/pdf/m/n on input line 8.
LaTeX Font Info:    ... okay on input line 8.

(/home/poss/.TinyTeX/texmf-dist/tex/latex/epstopdf-pkg/epstopdf-base.sty
Package: epstopdf-base 2020-01-24 v2.11 Base part for package epstopdf
Package epstopdf-base Info: Redefining graphics rule for `.eps' on input line 4
85.

(/home/poss/.TinyTeX/texmf-dist/tex/latex/latexconfig/epstopdf-sys.cfg
File: epstopdf-sys.cfg 2010/07/13 v1.3 Configuration of (r)epstopdf for TeX Liv
e
))
\AtBeginShipoutBox=\box50
Package hyperref Info: Link coloring ON on input line 8.

(/home/poss/.TinyTeX/texmf-dist/tex/latex/hyperref/nameref.sty
Package: nameref 2019/09/16 v2.46 Cross-referencing by name of section

(/home/poss/.TinyTeX/texmf-dist/tex/latex/refcount/refcount.sty
Package: refcount 2019/12/15 v3.6 Data extraction from label references (HO)
)
(/home/poss/.TinyTeX/texmf-dist/tex/generic/gettitlestring/gettitlestring.sty
Package: gettitlestring 2019/12/15 v1.6 Cleanup title references (HO)
)
\c@section@level=\count195
)
LaTeX Info: Redefining \ref on input line 8.
LaTeX Info: Redefining \pageref on input line 8.
LaTeX Info: Redefining \nameref on input line 8.
(/tmp/RtmpEJ2T99/Rd2pdf209819bcd29c/Rd2.out)
(/tmp/RtmpEJ2T99/Rd2pdf209819bcd29c/Rd2.out)
\@outlinefile=\write4
\openout4 = `Rd2.out'.

LaTeX Font Info:    Trying to load font information for OT1+zi4 on input line 2
6.

(/home/poss/.TinyTeX/texmf-dist/tex/latex/inconsolata/ot1zi4.fd
File: ot1zi4.fd 2018/01/14 OT1/zi4 (Inconsolata)
)
LaTeX Font Info:    Font shape `OT1/zi4/m/n' will be
(Font)              scaled to size 10.0pt on input line 26.
LaTeX Font Info:    External font `cmex10' loaded for size
(Font)              <7> on input line 26.
LaTeX Font Info:    External font `cmex10' loaded for size
(Font)              <5> on input line 26.
LaTeX Font Info:    Trying to load font information for OML+zi4 on input line 3
8.
LaTeX Font Info:    No file OMLzi4.fd. on input line 38.


LaTeX Font Warning: Font shape `OML/zi4/m/n' undefined
(Font)              using `OML/cmm/m/it' instead
(Font)              for symbol `textless' on input line 38.

(/tmp/RtmpEJ2T99/Rd2pdf209819bcd29c/Rd2.toc [1


{/home/poss/.TinyTeX/texmf-var/fonts/map/pdftex/updmap/pdftex.map}])
\tf@toc=\write5
\openout5 = `Rd2.toc'.

 [2]
Overfull \hbox (16.50375pt too wide) in paragraph at lines 93--94
[]\OT1/cmr/m/n/10 maximum al-low-able op-er-at-ing pres-sure - \OT1/cmr/m/it/10
 MAOP\OT1/cmr/m/n/10 , [\OT1/cmr/m/it/10 PSI\OT1/cmr/m/n/10 ]. Type: [][]\OT1/z
i4/m/n/10 assert[]double[][][]\OT1/cmr/m/n/10 . 
 []


Overfull \hbox (15.67024pt too wide) in paragraph at lines 108--109
[]\OT1/cmr/m/n/10 measured max-i-mum depth of the cor-roded area, [\OT1/cmr/m/i
t/10 inch\OT1/cmr/m/n/10 ]. Type: [][]\OT1/zi4/m/n/10 assert[]double[][][]\OT1/
cmr/m/n/10 . 
 []


Overfull \hbox (2.07039pt too wide) in paragraph at lines 110--111
[]\OT1/cmr/m/n/10 measured max-i-mum lon-gi-tu-di-nal length of the cor-roded a
rea, [\OT1/cmr/m/it/10 inch\OT1/cmr/m/n/10 ]. Type:
 []

[3]
Overfull \hbox (16.84753pt too wide) in paragraph at lines 151--152
[]\OT1/cmr/m/n/10 allowable depth of the cor-roded area, [\OT1/cmr/m/it/10 inch
\OT1/cmr/m/n/10 ]. Type: [][]\OT1/zi4/m/n/10 assert[]double[][][]\OT1/cmr/m/n/1
0 . 
 []


Overfull \hbox (3.23326pt too wide) in paragraph at lines 152--153
[]\OT1/cmr/m/n/10 intermediate fac-tor re-lated to the ge-om-e-try of the cor-r
oded area, []. Type: [][]\OT1/zi4/m/n/10 assert[]double[][][]\OT1/cmr/m/n/10 . 

 []


Overfull \hbox (21.6253pt too wide) in paragraph at lines 153--154
[]\OT1/cmr/m/n/10 allowable length of the cor-roded area, [\OT1/cmr/m/it/10 inc
h\OT1/cmr/m/n/10 ]. Type: [][]\OT1/zi4/m/n/10 assert[]double[][][]\OT1/cmr/m/n/
10 . 
 []

LaTeX Font Info:    Font shape `OT1/zi4/m/n' will be
(Font)              scaled to size 9.0pt on input line 179.

Overfull \hbox (0.73488pt too wide) in paragraph at lines 191--191
 []\OT1/zi4/m/n/9 # With corrosion length 7.500 inch, maximum allowed corrosion
 depth is 0.2490 inch; A = 1.847[] 
 []

[4]
Overfull \hbox (5.23488pt too wide) in paragraph at lines 202--202
 []\OT1/zi4/m/n/9 # With corrosion length 10.000 inch, maximum allowed corrosio
n depth is 0.0790 inch; A = 3.993[] 
 []


Overfull \hbox (0.73488pt too wide) in paragraph at lines 203--203
 []\OT1/zi4/m/n/9 # With corrosion depth 0.180 inch, maximum allowed corrosion 
length is 2.0180 inch; A = 0.806[] 
 []


Overfull \hbox (5.23488pt too wide) in paragraph at lines 213--213
 []\OT1/zi4/m/n/9 # With corrosion length 30.000 inch, maximum allowed corrosio
n depth is 0.1670 inch; A = 8.320[] 
 []


Overfull \hbox (5.23488pt too wide) in paragraph at lines 224--224
 []\OT1/zi4/m/n/9 # With corrosion length 30.000 inch, maximum allowed corrosio
n depth is 0.1670 inch; A = 8.320[] 
 []


Overfull \hbox (5.23488pt too wide) in paragraph at lines 225--225
 []\OT1/zi4/m/n/9 # With corrosion depth 0.300 inch, maximum allowed corrosion 
length is 12.8670 inch; A = 3.568[] 
 []


Overfull \hbox (5.23488pt too wide) in paragraph at lines 235--235
 []\OT1/zi4/m/n/9 # With corrosion length 15.000 inch, maximum allowed corrosio
n depth is 0.0680 inch; A = 5.158[] 
 []


Overfull \hbox (5.23488pt too wide) in paragraph at lines 236--236
 []\OT1/zi4/m/n/9 # With corrosion depth 0.080 inch, maximum allowed corrosion 
length is 11.6340 inch; A = 4.000[] 
 []


Underfull \vbox (badness 10000) has occurred while \output is active []

 [5]
Overfull \hbox (14.23488pt too wide) in paragraph at lines 247--247
 []\OT1/zi4/m/n/9 # With corrosion length 100.000 inch, maximum allowed corrosi
on depth is 0.0630 inch; A = 21.048[] 
 []


Overfull \hbox (0.73488pt too wide) in paragraph at lines 248--248
 []\OT1/zi4/m/n/9 # With corrosion depth 0.410 inch, maximum allowed corrosion 
length is 2.5560 inch; A = 0.538[] 
 []


Overfull \hbox (0.73488pt too wide) in paragraph at lines 259--259
 []\OT1/zi4/m/n/9 # With corrosion length 3.000 inch, maximum allowed corrosion
 depth is 0.4000 inch; A = 1.066[] 
 []


Overfull \hbox (5.23488pt too wide) in paragraph at lines 270--270
 []\OT1/zi4/m/n/9 # With corrosion length 12.000 inch, maximum allowed corrosio
n depth is 0.1790 inch; A = 3.093[] 
 []


Overfull \hbox (5.23488pt too wide) in paragraph at lines 271--271
 []\OT1/zi4/m/n/9 # With corrosion depth 0.125 inch, maximum allowed corrosion 
length is 15.5190 inch; A = 4.000[] 
 []


Overfull \hbox (5.23488pt too wide) in paragraph at lines 281--281
 []\OT1/zi4/m/n/9 # With corrosion length 12.000 inch, maximum allowed corrosio
n depth is 0.1790 inch; A = 3.093[] 
 []


Overfull \hbox (5.23488pt too wide) in paragraph at lines 282--282
 []\OT1/zi4/m/n/9 # With corrosion depth 0.179 inch, maximum allowed corrosion 
length is 12.1820 inch; A = 3.140[] 
 []


Overfull \hbox (5.23488pt too wide) in paragraph at lines 292--292
 []\OT1/zi4/m/n/9 # With corrosion length 12.182 inch, maximum allowed corrosio
n depth is 0.1780 inch; A = 3.140[] 
 []


Overfull \hbox (5.23488pt too wide) in paragraph at lines 293--293
 []\OT1/zi4/m/n/9 # With corrosion depth 0.179 inch, maximum allowed corrosion 
length is 12.1820 inch; A = 3.140[] 
 []


Underfull \vbox (badness 10000) has occurred while \output is active []

 [6]
Overfull \hbox (5.23488pt too wide) in paragraph at lines 303--303
 []\OT1/zi4/m/n/9 # With corrosion length 12.182 inch, maximum allowed corrosio
n depth is 0.1780 inch; A = 3.140[] 
 []


Overfull \hbox (5.23488pt too wide) in paragraph at lines 304--304
 []\OT1/zi4/m/n/9 # With corrosion depth 0.180 inch, maximum allowed corrosion 
length is 11.9610 inch; A = 3.083[] 
 []


Overfull \hbox (5.23488pt too wide) in paragraph at lines 314--314
 []\OT1/zi4/m/n/9 # With corrosion length 12.297 inch, maximum allowed corrosio
n depth is 0.1780 inch; A = 3.170[] 
 []


Overfull \hbox (5.23488pt too wide) in paragraph at lines 315--315
 []\OT1/zi4/m/n/9 # With corrosion depth 0.179 inch, maximum allowed corrosion 
length is 12.1820 inch; A = 3.140[] 
 []


Overfull \hbox (16.50375pt too wide) in paragraph at lines 342--343
[]\OT1/cmr/m/n/10 maximum al-low-able op-er-at-ing pres-sure - \OT1/cmr/m/it/10
 MAOP\OT1/cmr/m/n/10 , [\OT1/cmr/m/it/10 PSI\OT1/cmr/m/n/10 ]. Type: [][]\OT1/z
i4/m/n/10 assert[]double[][][]\OT1/cmr/m/n/10 . 
 []

[7]
Overfull \hbox (16.50375pt too wide) in paragraph at lines 400--402
[]\OT1/cmr/m/n/10 maximum al-low-able op-er-at-ing pres-sure - \OT1/cmr/m/it/10
 MAOP\OT1/cmr/m/n/10 , [\OT1/cmr/m/it/10 PSI\OT1/cmr/m/n/10 ]. Type: [][]\OT1/z
i4/m/n/10 assert[]double[][][]\OT1/cmr/m/n/10 . 
 []


Overfull \hbox (15.67024pt too wide) in paragraph at lines 407--409
[]\OT1/cmr/m/n/10 measured max-i-mum depth of the cor-roded area, [\OT1/cmr/m/i
t/10 inch\OT1/cmr/m/n/10 ]. Type: [][]\OT1/zi4/m/n/10 assert[]double[][][]\OT1/
cmr/m/n/10 . 
 []


Overfull \hbox (2.07039pt too wide) in paragraph at lines 410--412
[]\OT1/cmr/m/n/10 measured max-i-mum lon-gi-tu-di-nal length of the cor-roded a
rea, [\OT1/cmr/m/it/10 inch\OT1/cmr/m/n/10 ]. Type:
 []

[8]
Overfull \hbox (2.07039pt too wide) in paragraph at lines 469--471
[]\OT1/cmr/m/n/10 measured max-i-mum lon-gi-tu-di-nal length of the cor-roded a
rea, [\OT1/cmr/m/it/10 inch\OT1/cmr/m/n/10 ]. Type:
 []

[9]
Overfull \hbox (16.84753pt too wide) in paragraph at lines 549--550
[]\OT1/cmr/m/n/10 allowable depth of the cor-roded area, [\OT1/cmr/m/it/10 inch
\OT1/cmr/m/n/10 ]. Type: [][]\OT1/zi4/m/n/10 assert[]double[][][]\OT1/cmr/m/n/1
0 . 
 []


Overfull \hbox (3.23326pt too wide) in paragraph at lines 550--551
[]\OT1/cmr/m/n/10 intermediate fac-tor re-lated to the ge-om-e-try of the cor-r
oded area, []. Type: [][]\OT1/zi4/m/n/10 assert[]double[][][]\OT1/cmr/m/n/10 . 

 []


Overfull \hbox (21.6253pt too wide) in paragraph at lines 551--552
[]\OT1/cmr/m/n/10 allowable length of the cor-roded area, [\OT1/cmr/m/it/10 inc
h\OT1/cmr/m/n/10 ]. Type: [][]\OT1/zi4/m/n/10 assert[]double[][][]\OT1/cmr/m/n/
10 . 
 []

[10] [11]
</home/poss/Documents/FreeSoul/pipenostics/pipenostics.Rcheck/pipenostics/help/
figures/b31gmodpf.png, id=490, 243.51848pt x 135.11348pt>
File: /home/poss/Documents/FreeSoul/pipenostics/pipenostics.Rcheck/pipenostics/
help/figures/b31gmodpf.png Graphic file (type png)
<use /home/poss/Documents/FreeSoul/pipenostics/pipenostics.Rcheck/pipenostics/h
elp/figures/b31gmodpf.png>
Package pdftex.def Info: /home/poss/Documents/FreeSoul/pipenostics/pipenostics.
Rcheck/pipenostics/help/figures/b31gmodpf.png  used on input line 637.
(pdftex.def)             Requested size: 289.29936pt x 160.52519pt.

Overfull \hbox (15.67024pt too wide) in paragraph at lines 657--658
[]\OT1/cmr/m/n/10 measured max-i-mum depth of the cor-roded area, [\OT1/cmr/m/i
t/10 inch\OT1/cmr/m/n/10 ]. Type: [][]\OT1/zi4/m/n/10 assert[]double[][][]\OT1/
cmr/m/n/10 . 
 []

[12 </home/poss/Documents/FreeSoul/pipenostics/pipenostics.Rcheck/pipenostics/h
elp/figures/b31gmodpf.png (PNG copy)>]
Overfull \hbox (8.42409pt too wide) in paragraph at lines 689--692
[][][]\OT1/cmr/m/n/10 ASME B31G-2012[][]. Man-ual for de-ter-min-ing the re-mai
n-ing strength of cor-roded pipelines:
 []

LaTeX Font Info:    Trying to load font information for TS1+zi4 on input line 7
33.
(/home/poss/.TinyTeX/texmf-dist/tex/latex/inconsolata/ts1zi4.fd
File: ts1zi4.fd 2018/01/14 TS1/zi4 (Inconsolata)
)
LaTeX Font Info:    Font shape `TS1/zi4/m/n' will be
(Font)              scaled to size 9.0pt on input line 733.
 [13]
Overfull \hbox (15.67024pt too wide) in paragraph at lines 768--769
[]\OT1/cmr/m/n/10 measured max-i-mum depth of the cor-roded area, [\OT1/cmr/m/i
t/10 inch\OT1/cmr/m/n/10 ]. Type: [][]\OT1/zi4/m/n/10 assert[]double[][][]\OT1/
cmr/m/n/10 . 
 []

[14]
</home/poss/Documents/FreeSoul/pipenostics/pipenostics.Rcheck/pipenostics/help/
figures/b31gpf.png, id=564, 361.35pt x 80.91098pt>
File: /home/poss/Documents/FreeSoul/pipenostics/pipenostics.Rcheck/pipenostics/
help/figures/b31gpf.png Graphic file (type png)
<use /home/poss/Documents/FreeSoul/pipenostics/pipenostics.Rcheck/pipenostics/h
elp/figures/b31gpf.png>
Package pdftex.def Info: /home/poss/Documents/FreeSoul/pipenostics/pipenostics.
Rcheck/pipenostics/help/figures/b31gpf.png  used on input line 827.
(pdftex.def)             Requested size: 289.29936pt x 64.77824pt.

Overfull \hbox (15.67024pt too wide) in paragraph at lines 848--849
[]\OT1/cmr/m/n/10 measured max-i-mum depth of the cor-roded area, [\OT1/cmr/m/i
t/10 inch\OT1/cmr/m/n/10 ]. Type: [][]\OT1/zi4/m/n/10 assert[]double[][][]\OT1/
cmr/m/n/10 . 
 []

[15 </home/poss/Documents/FreeSoul/pipenostics/pipenostics.Rcheck/pipenostics/h
elp/figures/b31gpf.png (PNG copy)>]
Overfull \hbox (8.42409pt too wide) in paragraph at lines 884--887
[][][]\OT1/cmr/m/n/10 ASME B31G-2012[][]. Man-ual for de-ter-min-ing the re-mai
n-ing strength of cor-roded pipelines:
 []

[16]
Overfull \hbox (15.67024pt too wide) in paragraph at lines 967--968
[]\OT1/cmr/m/n/10 measured max-i-mum depth of the cor-roded area, [\OT1/cmr/m/i
t/10 inch\OT1/cmr/m/n/10 ]. Type: [][]\OT1/zi4/m/n/10 assert[]double[][][]\OT1/
cmr/m/n/10 . 
 []


Overfull \hbox (2.07039pt too wide) in paragraph at lines 969--970
[]\OT1/cmr/m/n/10 measured max-i-mum lon-gi-tu-di-nal length of the cor-roded a
rea, [\OT1/cmr/m/it/10 inch\OT1/cmr/m/n/10 ]. Type:
 []

[17]
</home/poss/Documents/FreeSoul/pipenostics/pipenostics.Rcheck/pipenostics/help/
figures/dnvpf.png, id=633, 321.69743pt x 90.81717pt>
File: /home/poss/Documents/FreeSoul/pipenostics/pipenostics.Rcheck/pipenostics/
help/figures/dnvpf.png Graphic file (type png)
<use /home/poss/Documents/FreeSoul/pipenostics/pipenostics.Rcheck/pipenostics/h
elp/figures/dnvpf.png>
Package pdftex.def Info: /home/poss/Documents/FreeSoul/pipenostics/pipenostics.
Rcheck/pipenostics/help/figures/dnvpf.png  used on input line 1021.
(pdftex.def)             Requested size: 289.29936pt x 81.67232pt.

Overfull \hbox (2.38823pt too wide) in paragraph at lines 1038--1041
\OT1/cmr/m/n/10 (\OT1/cmr/m/it/10 SMTS\OT1/cmr/m/n/10 ) as a char-ac-ter-is-tic
 of steel strength, [\OT1/cmr/m/it/10 MPa\OT1/cmr/m/n/10 ]. Type: [][]\OT1/zi4/
m/n/10 assert[]double[][][]\OT1/cmr/m/n/10 . 
 []


Overfull \hbox (13.62582pt too wide) in paragraph at lines 1042--1043
[]\OT1/cmr/m/n/10 measured max-i-mum depth of the cor-roded area, [\OT1/cmr/m/i
t/10 mm\OT1/cmr/m/n/10 ]. Type: [][]\OT1/zi4/m/n/10 assert[]double[][][]\OT1/cm
r/m/n/10 . 
 []

[18 </home/poss/Documents/FreeSoul/pipenostics/pipenostics.Rcheck/pipenostics/h
elp/figures/dnvpf.png (PNG copy)>]
Overfull \hbox (8.42409pt too wide) in paragraph at lines 1076--1079
[][][]\OT1/cmr/m/n/10 ASME B31G-2012[][]. Man-ual for de-ter-min-ing the re-mai
n-ing strength of cor-roded pipelines:
 []

[19]
Overfull \hbox (0.94029pt too wide) in paragraph at lines 1156--1158
[]\OT1/cmr/m/n/10 sensor-measured amount of heat car-rier (wa-ter) that is tran
s-ferred through
 []

</home/poss/Documents/FreeSoul/pipenostics/pipenostics.Rcheck/pipenostics/help/
figures/dropg.png, id=681, 487.23967pt x 217.5871pt>
File: /home/poss/Documents/FreeSoul/pipenostics/pipenostics.Rcheck/pipenostics/
help/figures/dropg.png Graphic file (type png)
<use /home/poss/Documents/FreeSoul/pipenostics/pipenostics.Rcheck/pipenostics/h
elp/figures/dropg.png>
Package pdftex.def Info: /home/poss/Documents/FreeSoul/pipenostics/pipenostics.
Rcheck/pipenostics/help/figures/dropg.png  used on input line 1167.
(pdftex.def)             Requested size: 289.29936pt x 129.19533pt.
[20 </home/poss/Documents/FreeSoul/pipenostics/pipenostics.Rcheck/pipenostics/h
elp/figures/dropg.png>] [21]
Overfull \hbox (3.72261pt too wide) in paragraph at lines 1255--1255
 []  \OT1/zi4/m/n/9 c(100, 175, 175, -65, 125, -60),  # diameters of 4 discharg
e pipes and 2 recharge pipes, [mm][] 
 []

[22]
Overfull \hbox (19.6698pt too wide) in paragraph at lines 1328--1330
[]\OT1/cmr/m/n/10 temperature of heat car-rier (wa-ter) in-side the pipe, [\TS1
/cmr/m/it/10 °\OT1/cmr/m/it/10 C\OT1/cmr/m/n/10 ]. Type: [][]\OT1/zi4/m/n/10 as
sert[]double[][][]\OT1/cmr/m/n/10 . 
 []

</home/poss/Documents/FreeSoul/pipenostics/pipenostics.Rcheck/pipenostics/help/
figures/dropp.png, id=717, 451.6875pt x 234.8775pt>
File: /home/poss/Documents/FreeSoul/pipenostics/pipenostics.Rcheck/pipenostics/
help/figures/dropp.png Graphic file (type png)
<use /home/poss/Documents/FreeSoul/pipenostics/pipenostics.Rcheck/pipenostics/h
elp/figures/dropp.png>
Package pdftex.def Info: /home/poss/Documents/FreeSoul/pipenostics/pipenostics.
Rcheck/pipenostics/help/figures/dropp.png  used on input line 1371.
(pdftex.def)             Requested size: 289.29936pt x 150.44293pt.
[23] [24 </home/poss/Documents/FreeSoul/pipenostics/pipenostics.Rcheck/pipenost
ics/help/figures/dropp.png (PNG copy)>]
Overfull \hbox (12.07373pt too wide) in paragraph at lines 1488--1490
[]\OT1/cmr/m/n/10 heat flux emit-ted by pipe dur-ing a pe-riod, [\OT1/cmr/m/it/
10 kcal/hour\OT1/cmr/m/n/10 ]. Type: [][]\OT1/zi4/m/n/10 assert[]double[][][]\O
T1/cmr/m/n/10 . 
 []

[25] [26]
Overfull \hbox (0.16875pt too wide) in paragraph at lines 1569--1571
[]\OT1/cmr/m/n/10 maximum cores of CPU to use in par-al-lel pro-cess-ing. Type:
 [][]\OT1/zi4/m/n/10 assert[]count[][][]\OT1/cmr/m/n/10 . 
 []

Package textcomp Info: Symbol \textasciigrave not provided by
(textcomp)             font family zi4 in TS1 encoding.
(textcomp)             Default family used instead on input line 1622.
LaTeX Font Info:    Trying to load font information for TS1+cmtt on input line 
1622.
(/home/poss/.TinyTeX/texmf-dist/tex/latex/base/ts1cmtt.fd
File: ts1cmtt.fd 2019/12/16 v2.5j Standard LaTeX font definitions
)
Package textcomp Info: Symbol \textasciigrave not provided by
(textcomp)             font family zi4 in TS1 encoding.
(textcomp)             Default family used instead on input line 1622.
 [27] [28] [29]
Overfull \hbox (11.76422pt too wide) in paragraph at lines 1810--1812
[]\OT1/cmr/m/n/10 thermal con-duc-tiv-ity of in-su-la-tor which cov-ers the sup
-ply-ing pipe [\OT1/cmr/m/it/10 W/m/\TS1/cmr/m/it/10 °\OT1/cmr/m/it/10 C\OT1/cm
r/m/n/10 ].
 []


Overfull \hbox (10.3753pt too wide) in paragraph at lines 1813--1815
[]\OT1/cmr/m/n/10 thermal con-duc-tiv-ity of in-su-la-tor which cov-ers the re-
turn-ing pipe [\OT1/cmr/m/it/10 W/m/\TS1/cmr/m/it/10 °\OT1/cmr/m/it/10 C\OT1/cm
r/m/n/10 ].
 []

[30]
Overfull \hbox (34.3089pt too wide) in paragraph at lines 1816--1818
[]\OT1/cmr/m/n/10 technical con-di-tion fac-tor for in-su-la-tor of sup-ply-ing
 pipe, []. Type: [][]\OT1/zi4/m/n/10 assert[]double[][][]\OT1/cmr/m/n/10 . 
 []


Overfull \hbox (32.91998pt too wide) in paragraph at lines 1819--1821
[]\OT1/cmr/m/n/10 technical con-di-tion fac-tor for in-su-la-tor of re-turn-ing
 pipe, []. Type: [][]\OT1/zi4/m/n/10 assert[]double[][][]\OT1/cmr/m/n/10 . 
 []

[31]
Overfull \hbox (11.76422pt too wide) in paragraph at lines 1929--1931
[]\OT1/cmr/m/n/10 thermal con-duc-tiv-ity of in-su-la-tor which cov-ers the sup
-ply-ing pipe [\OT1/cmr/m/it/10 W/m/\TS1/cmr/m/it/10 °\OT1/cmr/m/it/10 C\OT1/cm
r/m/n/10 ].
 []


Overfull \hbox (10.3753pt too wide) in paragraph at lines 1932--1934
[]\OT1/cmr/m/n/10 thermal con-duc-tiv-ity of in-su-la-tor which cov-ers the re-
turn-ing pipe [\OT1/cmr/m/it/10 W/m/\TS1/cmr/m/it/10 °\OT1/cmr/m/it/10 C\OT1/cm
r/m/n/10 ].
 []


Overfull \hbox (34.3089pt too wide) in paragraph at lines 1935--1937
[]\OT1/cmr/m/n/10 technical con-di-tion fac-tor for in-su-la-tor of sup-ply-ing
 pipe, []. Type: [][]\OT1/zi4/m/n/10 assert[]double[][][]\OT1/cmr/m/n/10 . 
 []


Overfull \hbox (32.91998pt too wide) in paragraph at lines 1938--1940
[]\OT1/cmr/m/n/10 technical con-di-tion fac-tor for in-su-la-tor of re-turn-ing
 pipe, []. Type: [][]\OT1/zi4/m/n/10 assert[]double[][][]\OT1/cmr/m/n/10 . 
 []

[32] [33]
Overfull \hbox (11.76422pt too wide) in paragraph at lines 2076--2078
[]\OT1/cmr/m/n/10 thermal con-duc-tiv-ity of in-su-la-tor which cov-ers the sup
-ply-ing pipe [\OT1/cmr/m/it/10 W/m/\TS1/cmr/m/it/10 °\OT1/cmr/m/it/10 C\OT1/cm
r/m/n/10 ].
 []

[34]
Overfull \hbox (10.3753pt too wide) in paragraph at lines 2079--2081
[]\OT1/cmr/m/n/10 thermal con-duc-tiv-ity of in-su-la-tor which cov-ers the re-
turn-ing pipe [\OT1/cmr/m/it/10 W/m/\TS1/cmr/m/it/10 °\OT1/cmr/m/it/10 C\OT1/cm
r/m/n/10 ].
 []


Overfull \hbox (34.3089pt too wide) in paragraph at lines 2082--2084
[]\OT1/cmr/m/n/10 technical con-di-tion fac-tor for in-su-la-tor of sup-ply-ing
 pipe, []. Type: [][]\OT1/zi4/m/n/10 assert[]double[][][]\OT1/cmr/m/n/10 . 
 []


Overfull \hbox (32.91998pt too wide) in paragraph at lines 2085--2087
[]\OT1/cmr/m/n/10 technical con-di-tion fac-tor for in-su-la-tor of re-turn-ing
 pipe, []. Type: [][]\OT1/zi4/m/n/10 assert[]double[][][]\OT1/cmr/m/n/10 . 
 []


Overfull \hbox (7.44807pt too wide) in paragraph at lines 2095--2097
[]\OT1/cmr/m/n/10 distance be-tween sup-ply-ing and re-turn-ing pipes, [\OT1/cm
r/m/it/10 m\OT1/cmr/m/n/10 ]. Type: [][]\OT1/zi4/m/n/10 assert[]double[][][]\OT
1/cmr/m/n/10 . 
 []

[35]
Overfull \hbox (19.6698pt too wide) in paragraph at lines 2224--2226
[]\OT1/cmr/m/n/10 temperature of heat car-rier (wa-ter) in-side the pipe, [\TS1
/cmr/m/it/10 °\OT1/cmr/m/it/10 C\OT1/cmr/m/n/10 ]. Type: [][]\OT1/zi4/m/n/10 as
sert[]double[][][]\OT1/cmr/m/n/10 . 
 []

[36] [37] [38] [39]
Overfull \hbox (15.64212pt too wide) in paragraph at lines 2468--2470
[]\OT1/cmr/m/n/10 should they con-sider ad-di-tional heat losses of fit-tings? 
Type: [][]\OT1/zi4/m/n/10 assert[]logical[][][]\OT1/cmr/m/n/10 . 
 []

[40]
Overfull \hbox (19.6698pt too wide) in paragraph at lines 2574--2576
[]\OT1/cmr/m/n/10 temperature of heat car-rier (wa-ter) in-side the pipe, [\TS1
/cmr/m/it/10 °\OT1/cmr/m/it/10 C\OT1/cmr/m/n/10 ]. Type: [][]\OT1/zi4/m/n/10 as
sert[]double[][][]\OT1/cmr/m/n/10 . 
 []


Overfull \hbox (15.64212pt too wide) in paragraph at lines 2581--2583
[]\OT1/cmr/m/n/10 should they con-sider ad-di-tional heat losses of fit-tings? 
Type: [][]\OT1/zi4/m/n/10 assert[]logical[][][]\OT1/cmr/m/n/10 . 
 []

[41] [42] [43] [44]
Overfull \hbox (24.01154pt too wide) in paragraph at lines 2824--2827
[]\OT1/cmr/m/n/10 internal di-am-e-ter of pipe (i.e.diameter of ac-cep-tor's in
-com-ing edge), [\OT1/cmr/m/it/10 m\OT1/cmr/m/n/10 ]. Type: [][]\OT1/zi4/m/n/10
 assert[]double[][][]\OT1/cmr/m/n/10 . 
 []

</home/poss/Documents/FreeSoul/pipenostics/pipenostics.Rcheck/pipenostics/help/
figures/m325testbench.png, id=1229, 334.92871pt x 292.18839pt>
File: /home/poss/Documents/FreeSoul/pipenostics/pipenostics.Rcheck/pipenostics/
help/figures/m325testbench.png Graphic file (type png)
<use /home/poss/Documents/FreeSoul/pipenostics/pipenostics.Rcheck/pipenostics/h
elp/figures/m325testbench.png>
Package pdftex.def Info: /home/poss/Documents/FreeSoul/pipenostics/pipenostics.
Rcheck/pipenostics/help/figures/m325testbench.png  used on input line 2905.
(pdftex.def)             Requested size: 289.29936pt x 252.39616pt.
[45] [46 </home/poss/Documents/FreeSoul/pipenostics/pipenostics.Rcheck/pipenost
ics/help/figures/m325testbench.png>] [47]
Overfull \hbox (3.41232pt too wide) in paragraph at lines 3041--3045
[]\OT1/cmr/m/it/10 snapshot of thermal-hydraulic regime state\OT1/cmr/m/n/10 : 
sensor-measured [][]ab-so-lute pres-
 []


Overfull \hbox (4.30151pt too wide) in paragraph at lines 3046--3051
\OT1/cmr/m/n/10 cep-tor's in-com-ing edge) dur-ing a pe-riod, [\OT1/cmr/m/it/10
 ton/hour\OT1/cmr/m/n/10 ]. Type: [][]\OT1/zi4/m/n/10 assert[]double[][][]\OT1/
cmr/m/n/10 .
 []


Overfull \hbox (25.54997pt too wide) in paragraph at lines 3056--3058
[]\OT1/cmr/m/n/10 pipe length (i.e. length of ac-cep-tor's in-com-ing edge), [\
OT1/cmr/m/it/10 m\OT1/cmr/m/n/10 ]. Type: [][]\OT1/zi4/m/n/10 assert[]double[][
][]\OT1/cmr/m/n/10 . 
 []

[48]
Overfull \hbox (0.32724pt too wide) in paragraph at lines 3089--3092
\OT1/cmr/m/n/10 cated on this pipe (i.e. ac-cep-tor's in-com-ing edge)? Type: [
][]\OT1/zi4/m/n/10 assert[]logical[][][]\OT1/cmr/m/n/10 . 
 []

</home/poss/Documents/FreeSoul/pipenostics/pipenostics.Rcheck/pipenostics/help/
figures/m325tracebw.png, id=1292, 312.3929pt x 252.55646pt>
File: /home/poss/Documents/FreeSoul/pipenostics/pipenostics.Rcheck/pipenostics/
help/figures/m325tracebw.png Graphic file (type png)
<use /home/poss/Documents/FreeSoul/pipenostics/pipenostics.Rcheck/pipenostics/h
elp/figures/m325tracebw.png>
Package pdftex.def Info: /home/poss/Documents/FreeSoul/pipenostics/pipenostics.
Rcheck/pipenostics/help/figures/m325tracebw.png  used on input line 3150.
(pdftex.def)             Requested size: 289.29936pt x 233.89622pt.
[49]
Overfull \hbox (1.81654pt too wide) in paragraph at lines 3192--3194
[]\OT1/cmr/m/n/10 identifier of trac-ing di-rec-tion. It con-stantly equals to 
\OT1/zi4/m/n/10 TRUE\OT1/cmr/m/n/10 . Type: [][]\OT1/zi4/m/n/10 assert[]logical
[][][]\OT1/cmr/m/n/10 . 
 []

[50 </home/poss/Documents/FreeSoul/pipenostics/pipenostics.Rcheck/pipenostics/h
elp/figures/m325tracebw.png>] [51] [52]
Overfull \hbox (3.41232pt too wide) in paragraph at lines 3362--3368
[]\OT1/cmr/m/it/10 snapshot of thermal-hydraulic regime state\OT1/cmr/m/n/10 : 
sensor-measured [][]ab-so-lute pres-
 []


Overfull \hbox (25.54997pt too wide) in paragraph at lines 3380--3382
[]\OT1/cmr/m/n/10 pipe length (i.e. length of ac-cep-tor's in-com-ing edge), [\
OT1/cmr/m/it/10 m\OT1/cmr/m/n/10 ]. Type: [][]\OT1/zi4/m/n/10 assert[]double[][
][]\OT1/cmr/m/n/10 . 
 []


Overfull \hbox (0.32724pt too wide) in paragraph at lines 3413--3416
\OT1/cmr/m/n/10 cated on this pipe (i.e. ac-cep-tor's in-com-ing edge)? Type: [
][]\OT1/zi4/m/n/10 assert[]logical[][][]\OT1/cmr/m/n/10 . 
 []

[53]
Overfull \hbox (6.64246pt too wide) in paragraph at lines 3431--3434
\OT1/cmr/m/n/10 tions of two sub-se-quent pipes in the traced path, [\OT1/cmr/m
/it/10 m\OT1/cmr/m/n/10 ]. Type: [][]\OT1/zi4/m/n/10 assert[]number[][][]\OT1/c
mr/m/n/10 . 
 []


Overfull \hbox (0.16875pt too wide) in paragraph at lines 3458--3460
[]\OT1/cmr/m/n/10 maximum cores of CPU to use in par-al-lel pro-cess-ing. Type:
 [][]\OT1/zi4/m/n/10 assert[]count[][][]\OT1/cmr/m/n/10 . 
 []

</home/poss/Documents/FreeSoul/pipenostics/pipenostics.Rcheck/pipenostics/help/
figures/m325tracefw.png, id=1365, 311.6158pt x 251.00226pt>
File: /home/poss/Documents/FreeSoul/pipenostics/pipenostics.Rcheck/pipenostics/
help/figures/m325tracefw.png Graphic file (type png)
<use /home/poss/Documents/FreeSoul/pipenostics/pipenostics.Rcheck/pipenostics/h
elp/figures/m325tracefw.png>
Package pdftex.def Info: /home/poss/Documents/FreeSoul/pipenostics/pipenostics.
Rcheck/pipenostics/help/figures/m325tracefw.png  used on input line 3471.
(pdftex.def)             Requested size: 289.29936pt x 233.03902pt.
[54 </home/poss/Documents/FreeSoul/pipenostics/pipenostics.Rcheck/pipenostics/h
elp/figures/m325tracefw.png>]
Overfull \hbox (6.81654pt too wide) in paragraph at lines 3516--3518
[]\OT1/cmr/m/n/10 identifier of trac-ing di-rec-tion. It con-stantly equals to 
\OT1/zi4/m/n/10 FALSE\OT1/cmr/m/n/10 . Type: [][]\OT1/zi4/m/n/10 assert[]logica
l[][][]\OT1/cmr/m/n/10 . 
 []

[55] [56] [57]
Overfull \hbox (6.64246pt too wide) in paragraph at lines 3733--3736
\OT1/cmr/m/n/10 tions of two sub-se-quent pipes in the traced path, [\OT1/cmr/m
/it/10 m\OT1/cmr/m/n/10 ]. Type: [][]\OT1/zi4/m/n/10 assert[]number[][][]\OT1/c
mr/m/n/10 . 
 []

[58]
</home/poss/Documents/FreeSoul/pipenostics/pipenostics.Rcheck/pipenostics/help/
figures/m325regtrace.png, id=1434, 471.32608pt x 247.4462pt>
File: /home/poss/Documents/FreeSoul/pipenostics/pipenostics.Rcheck/pipenostics/
help/figures/m325regtrace.png Graphic file (type png)
<use /home/poss/Documents/FreeSoul/pipenostics/pipenostics.Rcheck/pipenostics/h
elp/figures/m325regtrace.png>
Package pdftex.def Info: /home/poss/Documents/FreeSoul/pipenostics/pipenostics.
Rcheck/pipenostics/help/figures/m325regtrace.png  used on input line 3772.
(pdftex.def)             Requested size: 289.29936pt x 151.88588pt.
 [59 </home/poss/Documents/FreeSoul/pipenostics/pipenostics.Rcheck/pipenostics/
help/figures/m325regtrace.png>]
Underfull \vbox (badness 4621) has occurred while \output is active []

 [60]
[61]
Overfull \hbox (22.47545pt too wide) in paragraph at lines 3982--3986
\OT1/cmr/m/n/10 tion should be the num-ber of ob-ser-va-tions to gen-er-ate. Ty
pe: [][]\OT1/zi4/m/n/10 assert[]function[][][]\OT1/cmr/m/n/10 . 
 []

[62] [63] [64] [65] [66]
Overfull \hbox (34.05914pt too wide) in paragraph at lines 4258--4260
[]\OT1/cmr/m/n/10 pressure (stress) mea-sured in \OT1/cmr/m/it/10 pounds per sq
uare inch \OT1/cmr/m/n/10 (\OT1/cmr/m/it/10 PSI\OT1/cmr/m/n/10 ). Type: [][]\OT
1/zi4/m/n/10 assert[]double[][][]\OT1/cmr/m/n/10 . 
 []

[67]
Overfull \hbox (4.64668pt too wide) in paragraph at lines 4336--4340
\OT1/cmr/m/n/10 (\OT1/cmr/m/it/10 SMTS\OT1/cmr/m/n/10 ) as a char-ac-ter-is-tic
 of steel strength, [$\OML/zi4/m/n/10 MPa$\OT1/cmr/m/n/10 ]. Type: [][]\OT1/zi4
/m/n/10 assert[]double[][][]\OT1/cmr/m/n/10 . 
 []


Overfull \hbox (13.62582pt too wide) in paragraph at lines 4341--4343
[]\OT1/cmr/m/n/10 measured max-i-mum depth of the cor-roded area, [\OT1/cmr/m/i
t/10 mm\OT1/cmr/m/n/10 ]. Type: [][]\OT1/zi4/m/n/10 assert[]double[][][]\OT1/cm
r/m/n/10 . 
 []

[68] [69]
Overfull \hbox (2.38823pt too wide) in paragraph at lines 4501--4505
\OT1/cmr/m/n/10 (\OT1/cmr/m/it/10 SMTS\OT1/cmr/m/n/10 ) as a char-ac-ter-is-tic
 of steel strength, [\OT1/cmr/m/it/10 MPa\OT1/cmr/m/n/10 ]. Type: [][]\OT1/zi4/
m/n/10 assert[]double[][][]\OT1/cmr/m/n/10 . 
 []


Overfull \hbox (13.62582pt too wide) in paragraph at lines 4506--4508
[]\OT1/cmr/m/n/10 measured max-i-mum depth of the cor-roded area, [\OT1/cmr/m/i
t/10 mm\OT1/cmr/m/n/10 ]. Type: [][]\OT1/zi4/m/n/10 assert[]double[][][]\OT1/cm
r/m/n/10 . 
 []

[70]
Overfull \hbox (0.90775pt too wide) in paragraph at lines 4592--4595
[]\OT1/cmr/m/n/10 de-rated value of \OT1/cmr/m/it/10 x\OT1/cmr/m/n/10 , i.e. of
 ap-pro-pri-ate pipe ma-te-rial prop-erty, [\OT1/cmr/m/it/10 MPa\OT1/cmr/m/n/10
 ] . Type: [][]\OT1/zi4/m/n/10 assert[]double[][][]\OT1/cmr/m/n/10 . 
 []

[71]
Overfull \hbox (15.74715pt too wide) in paragraph at lines 4610--4610
 []\OT1/zi4/m/n/9 # [1] 170.5689 205.0427 239.5165 287.7798 315.3588 356.7274 3
84.3064 411.8854 446.3592 480.8330[] 
 []


Overfull \hbox (15.74715pt too wide) in paragraph at lines 4612--4612
 []\OT1/zi4/m/n/9 # [1] 310.2641 330.9483 413.6854 398.6854 404.3697 415.0540 4
39.5278 457.1068 460.8963 485.3701[] 
 []

No file Rd2.ind.
Package atveryend Info: Empty hook `BeforeClearDocument' on input line 4625.
[72]
Package atveryend Info: Empty hook `AfterLastShipout' on input line 4625.
 (/tmp/RtmpEJ2T99/Rd2pdf209819bcd29c/Rd2.aux)
Package atveryend Info: Executing hook `AtVeryEndDocument' on input line 4625.
Package atveryend Info: Executing hook `AtEndAfterFileList' on input line 4625.

Package rerunfilecheck Info: File `Rd2.out' has not changed.
(rerunfilecheck)             Checksum: 93634E555D70E3301F7955373B4E43A0;2050.


LaTeX Font Warning: Some font shapes were not available, defaults substituted.

Package atveryend Info: Empty hook `AtVeryVeryEnd' on input line 4625.
 ) 
Here is how much of TeX's memory you used:
 6321 strings out of 482824
 98896 string characters out of 5956616
 356290 words of memory out of 5000000
 21082 multiletter control sequences out of 15000+600000
 543508 words of font info for 57 fonts, out of 8000000 for 9000
 14 hyphenation exceptions out of 8191
 53i,6n,43p,257b,602s stack positions out of 5000i,500n,10000p,200000b,80000s
pdfTeX warning (dest): name{Rfn.runif} has been referenced but does not exist
, replaced by a fixed one

pdfTeX warning (dest): name{Rfn.assert.Rul.int} has been referenced but does no
t exist, replaced by a fixed one

pdfTeX warning (dest): name{Rfn.assert.Rul.function} has been referenced but do
es not exist, replaced by a fixed one

pdfTeX warning (dest): name{Rfn.assert.Rul.number} has been referenced but does
 not exist, replaced by a fixed one

pdfTeX warning (dest): name{Rfn.sum} has been referenced but does not exist, re
placed by a fixed one

pdfTeX warning (dest): name{Rfn.assert.Rul.flag} has been referenced but does n
ot exist, replaced by a fixed one

pdfTeX warning (dest): name{Rfn.data.frame} has been referenced but does not ex
ist, replaced by a fixed one

pdfTeX warning (dest): name{Rfn.assert.Rul.integer} has been referenced but doe
s not exist, replaced by a fixed one

pdfTeX warning (dest): name{Rfn.assert.Rul.integerish} has been referenced but 
does not exist, replaced by a fixed one

pdfTeX warning (dest): name{Rfn.parallel} has been referenced but does not exis
t, replaced by a fixed one

pdfTeX warning (dest): name{Rfn.assert.Rul.count} has been referenced but does 
not exist, replaced by a fixed one

pdfTeX warning (dest): name{Rfn.as.character} has been referenced but does not 
exist, replaced by a fixed one

pdfTeX warning (dest): name{Rfn.assert.Rul.choice} has been referenced but does
 not exist, replaced by a fixed one

pdfTeX warning (dest): name{Rfn.assert.Rul.list} has been referenced but does n
ot exist, replaced by a fixed one

pdfTeX warning (dest): name{Rfn.assert.Rul.subset} has been referenced but does
 not exist, replaced by a fixed one

pdfTeX warning (dest): name{Rfn.assert.Rul.logical} has been referenced but doe
s not exist, replaced by a fixed one

pdfTeX warning (dest): name{Rfn.assert.Rul.numeric} has been referenced but doe
s not exist, replaced by a fixed one

pdfTeX warning (dest): name{Rfn.assert.Rul.double} has been referenced but does
 not exist, replaced by a fixed one

pdfTeX warning (dest): name{Rfn.assert.Rul.character} has been referenced but d
oes not exist, replaced by a fixed one

 </home/poss/.TinyTeX/texmf-var/fonts/pk/ljfour/jknappen/ec/tctt0900.600pk> </h
ome/poss/.TinyTeX/texmf-var/fonts/pk/ljfour/jknappen/ec/tcti1000.600pk> </home/
poss/.TinyTeX/texmf-var/fonts/pk/ljfour/jknappen/ec/tcrm1000.600pk>{/home/poss/
.TinyTeX/texmf-dist/fonts/enc/dvips/inconsolata/i4-ts1.enc}{/home/poss/.TinyTeX
/texmf-dist/fonts/enc/dvips/inconsolata/i4-ot1-0.enc}</home/poss/.TinyTeX/texmf
-dist/fonts/type1/public/inconsolata/Inconsolata-zi4r.pfb></home/poss/.TinyTeX/
texmf-dist/fonts/type1/public/amsfonts/cm/cmb10.pfb></home/poss/.TinyTeX/texmf-
dist/fonts/type1/public/amsfonts/cm/cmbx10.pfb></home/poss/.TinyTeX/texmf-dist/
fonts/type1/public/amsfonts/cm/cmbx12.pfb></home/poss/.TinyTeX/texmf-dist/fonts
/type1/public/amsfonts/cm/cmbxti10.pfb></home/poss/.TinyTeX/texmf-dist/fonts/ty
pe1/public/amsfonts/cm/cmmi10.pfb></home/poss/.TinyTeX/texmf-dist/fonts/type1/p
ublic/amsfonts/cm/cmr10.pfb></home/poss/.TinyTeX/texmf-dist/fonts/type1/public/
amsfonts/cm/cmr12.pfb></home/poss/.TinyTeX/texmf-dist/fonts/type1/public/amsfon
ts/cm/cmr7.pfb></home/poss/.TinyTeX/texmf-dist/fonts/type1/public/amsfonts/cm/c
msl10.pfb></home/poss/.TinyTeX/texmf-dist/fonts/type1/public/amsfonts/cm/cmss12
.pfb></home/poss/.TinyTeX/texmf-dist/fonts/type1/public/amsfonts/cm/cmsy10.pfb>
</home/poss/.TinyTeX/texmf-dist/fonts/type1/public/amsfonts/cm/cmti10.pfb>
Output written on Rd2.pdf (72 pages, 777101 bytes).
PDF statistics:
 1836 PDF objects out of 2073 (max. 8388607)
 1713 compressed objects within 18 object streams
 460 named destinations out of 1000 (max. 500000)
 374 words of extra memory for PDF output out of 10000 (max. 10000000)

